<?xml version="1.0" encoding="UTF-8"?>
<testng-results ignored="0" total="1" passed="1" failed="0" skipped="0">
  <reporter-output>
  </reporter-output>
  <suite started-at="2023-02-16T21:33:42 IST" name="Default suite" finished-at="2023-02-16T21:33:46 IST" duration-ms="4244">
    <groups>
    </groups>
    <test started-at="2023-02-16T21:33:42 IST" name="Default test" finished-at="2023-02-16T21:33:46 IST" duration-ms="4244">
      <class name="test.NewTest">
        <test-method is-config="true" signature="setUp()[pri:0, instance:test.NewTest@3a6bb9bf]" started-at="2023-02-16T21:33:42 IST" name="setUp" finished-at="2023-02-16T21:33:42 IST" duration-ms="54" status="PASS">
          <reporter-output>
          </reporter-output>
        </test-method> <!-- setUp -->
        <test-method signature="TestLogin()[pri:0, instance:test.NewTest@3a6bb9bf]" started-at="2023-02-16T21:33:42 IST" name="TestLogin" finished-at="2023-02-16T21:33:46 IST" duration-ms="4152" status="PASS">
          <reporter-output>
          </reporter-output>
        </test-method> <!-- TestLogin -->
        <test-method is-config="true" signature="TearDown()[pri:0, instance:test.NewTest@3a6bb9bf]" started-at="2023-02-16T21:33:46 IST" name="TearDown" finished-at="2023-02-16T21:33:46 IST" duration-ms="0" status="PASS">
          <reporter-output>
          </reporter-output>
        </test-method> <!-- TearDown -->
      </class> <!-- test.NewTest -->
    </test> <!-- Default test -->
  </suite> <!-- Default suite -->
</testng-results>
